Base path: '/home/alice/Storage/Unities/2019.3.0a8/Editor/Data', plugins path '/home/alice/Storage/Unities/2019.3.0a8/Editor/Data/PlaybackEngines'
Cmd: initializeCompiler
Cmd: compileComputeKernel
  api=15 insize=18299 outsize=16554 ok=1
Cmd: compileComputeKernel
  api=15 insize=18299 outsize=24986 ok=1
Cmd: compileComputeKernel
  api=18 insize=18299 outsize=56346 ok=1
Cmd: compileComputeKernel
  api=15 insize=1454 outsize=2168 ok=1
Cmd: compileComputeKernel
  api=15 insize=4855 outsize=8633 ok=1
Cmd: compileComputeKernel
  api=18 insize=1806 outsize=2489 ok=1
Cmd: compileComputeKernel
  api=15 insize=10881 outsize=21989 ok=1
Cmd: compileComputeKernel
  api=18 insize=2059 outsize=1256 ok=1
Cmd: compileComputeKernel
  api=15 insize=3072 outsize=1307 ok=1
Cmd: initializeCompiler
Unhandled exception: Protocol error - unexpected end of data (did the Editor crash?)

Quitting shader compiler process
